Arguments: 
  C:\Program Files\nodejs\node.exe C:\Program Files (x86)\Yarn\bin\yarn.js add @mui/icons-material/info

PATH: 
  C:\Users\halpe\anaconda3;C:\Users\halpe\anaconda3\Library\mingw-w64\bin;C:\Users\halpe\anaconda3\Library\usr\bin;C:\Users\halpe\anaconda3\Library\bin;C:\Users\halpe\anaconda3\Scripts;C:\Users\halpe\anaconda3\bin;C:\Users\halpe\anaconda3\condabin;C:\Program Files\NVIDIA GPU Computing Toolkit\CUDA\v11.7\bin;C:\Program Files\NVIDIA GPU Computing Toolkit\CUDA\v11.7\libnvvp;C:\Program Files\Microsoft\jdk-11.0.15.10-hotspot\bin;C:\Program Files (x86)\Common Files\Intel\Shared Libraries\redist\intel64_win\compiler;C:\Program Files\NVIDIA GPU Computing Toolkit\CUDA\v11.1\bin;C:\Program Files\NVIDIA GPU Computing Toolkit\CUDA\v11.1\libnvvp;C:\Program Files (x86)\Common Files\Oracle\Java\javapath;C:\Program Files\NVIDIA GPU Computing Toolkit\CUDA\v10.2\bin;C:\Program Files\NVIDIA GPU Computing Toolkit\CUDA\v10.2\libnvvp;C:\Windows\system32;C:\Windows;C:\Windows\System32\Wbem;C:\Windows\System32\WindowsPowerShell\v1.0;C:\Windows\System32\OpenSSH;C:\Users\halpe\anaconda3;C:\Program Files\PuTTY;C:\Program Files (x86)\NVIDIA Corporation\PhysX\Common;C:\WINDOWS\system32;C:\WINDOWS;C:\WINDOWS\System32\Wbem;C:\WINDOWS\System32\WindowsPowerShell\v1.0;C:\WINDOWS\System32\OpenSSH;C:\Program Files\NVIDIA Corporation\NVIDIA NvDLISR;C:\Program Files (x86)\Yarn\bin;C:\Program Files\Git\cmd;C:\Program Files\Git\mingw64\bin;C:\Program Files\Git\usr\bin;C:\Program Files\Amazon\AWSCLIV2;C:\Program Files (x86)\GnuWin32\bin;C:\Users\halpe\anaconda3\Scripts;C:\geckodriver;C:\Program Files\protoc;C:\Program Files\Git LFS;C:\Program Files\Pandoc;C:\Program Files (x86)\Microsoft Visual Studio\2019\Community\MSBuild\Current\Bin\amd64;C:\Users\halpe\AppData\Roaming\nvm;C:\Program Files\nodejs;C:\Users\halpe\AppData\Roaming\nvm;D:\Program Files\Docker\Docker\resources\bin;D:\ProgramData\DockerDesktop\version-bin;C:\Program Files\Amazon\AWSSAMCLI\bin;C:\python38;C:\Program Files\dotnet;C:\ProgramData\chocolatey\bin;C:\Program Files\R\R-4.1.1\bin;.;C:\Program Files\PostgreSQL\14\bin;C:\Program Files\NVIDIA Corporation\Nsight Compute 2022.2.0;C:\Program Files\Docker\Docker\resources\bin;C:\ProgramData\DockerDesktop\version-bin;C:\Program Files\MySQL\MySQL Shell 8.0\bin;C:\Users\halpe\.cargo\bin;C:\Users\halpe\AppData\Local\Microsoft\WindowsApps;C:\Users\halpe\AppData\Local\Programs\Microsoft VS Code\bin;C:\Users\halpe\AppData\Local\GitHubDesktop\bin;C:\Users\halpe\anaconda3\python.exe;C:\Users\halpe\AppData\Roaming\npm;C:\Users\halpe\AppData\Local\Microsoft\WindowsApps;C:\Program Files\ffmpeg;C:\Program Files\PostgreSQL\12\bin;C:\Users\halpe\AppData\Local\Yarn\bin;C:\Program Files\PuTTY;C:\Program Files (x86)\GnuWin32\bin;C:\geckodriver;C:\Program Files\PostgreSQL\13\bin;C:\Users\halpe\AppData\Roaming\nvm;C:\Program Files\nodejs;C:\Users\halpe\AppData\Roaming\nvm;C:\python38\python.exe;C:\Program Files\R\R-4.1.1\bin;C:\ngrok;C:\Program Files\OpenSSL-Win64\bin;C:\Program Files\CMake\bin;C:\Program Files\COLMAP-3.7-windows-cuda;.

Yarn version: 
  1.22.4

Node version: 
  16.13.0

Platform: 
  win32 x64

Trace: 
  Error: https://registry.yarnpkg.com/@mui%2ficons-material/info: Request "https://registry.yarnpkg.com/@mui%2ficons-material/info" returned a 405
      at Request.params.callback [as _callback] (C:\Program Files (x86)\Yarn\lib\cli.js:66105:18)
      at Request.self.callback (C:\Program Files (x86)\Yarn\lib\cli.js:140748:22)
      at Request.emit (node:events:390:28)
      at Request.<anonymous> (C:\Program Files (x86)\Yarn\lib\cli.js:141720:10)
      at Request.emit (node:events:390:28)
      at IncomingMessage.<anonymous> (C:\Program Files (x86)\Yarn\lib\cli.js:141642:12)
      at Object.onceWrapper (node:events:509:28)
      at IncomingMessage.emit (node:events:402:35)
      at endReadableNT (node:internal/streams/readable:1343:12)
      at processTicksAndRejections (node:internal/process/task_queues:83:21)

npm manifest: 
  No manifest

yarn manifest: 
  No manifest

Lockfile: 
  No lockfile
